[09:34:43] [ServerMain/INFO]: Environment: authHost='https://authserver.mojang.com', accountsHost='https://api.mojang.com', sessionHost='https://sessionserver.mojang.com', servicesHost='https://api.minecraftservices.com', name='PROD'
[09:34:45] [ServerMain/INFO]: Loaded 7 recipes
[09:34:45] [Server thread/INFO]: Starting minecraft server version 1.20.1
[09:34:45] [Server thread/INFO]: Loading properties
[09:34:45] [Server thread/INFO]: This server is running Paper version git-Paper-82 (MC: 1.20.1) (Implementing API version 1.20.1-R0.1-SNAPSHOT) (Git: b533905)
[09:34:46] [Server thread/INFO]: Server Ping Player Sample Count: 12
[09:34:46] [Server thread/INFO]: Using 4 threads for Netty based IO
[09:34:46] [Server thread/WARN]: [!] The timings profiler has been enabled but has been scheduled for removal from Paper in the future.
    We recommend installing the spark profiler as a replacement: https://spark.lucko.me/
    For more information please visit: https://github.com/PaperMC/Paper/issues/8948
[09:34:46] [Server thread/INFO]: [ChunkTaskScheduler] Chunk system is using 1 I/O threads, 1 worker threads, and gen parallelism of 1 threads
[09:34:46] [Server thread/INFO]: Default game type: SURVIVAL
[09:34:46] [Server thread/INFO]: Generating keypair
[09:34:46] [Server thread/INFO]: Starting Minecraft server on 192.168.0.48:25565
[09:34:46] [Server thread/INFO]: Using default channel type
[09:34:46] [Server thread/INFO]: Paper: Using Java compression from Velocity.
[09:34:46] [Server thread/INFO]: Paper: Using Java cipher from Velocity.
[09:34:47] [Server thread/INFO]: [WorldEdit] Loading server plugin WorldEdit v7.2.15+6463-5ca4dff
[09:34:47] [Server thread/INFO]: Got request to register class com.sk89q.worldedit.bukkit.BukkitServerInterface with WorldEdit [com.sk89q.worldedit.extension.platform.PlatformManager@27cbfce1]
[09:34:47] [Server thread/INFO]: Server permissions file permissions.yml is empty, ignoring it
[09:34:47] [Server thread/INFO]: [WorldEdit] Enabling WorldEdit v7.2.15+6463-5ca4dff
[09:34:47] [Server thread/INFO]: Registering commands with com.sk89q.worldedit.bukkit.BukkitServerInterface
[09:34:47] [Server thread/INFO]: WEPIF: Using the Bukkit Permissions API.
[09:34:47] [Server thread/INFO]: Using com.sk89q.worldedit.bukkit.adapter.impl.v1_20_R1.PaperweightAdapter as the Bukkit adapter
[09:34:48] [Server thread/INFO]: Preparing level "world"
[09:34:49] [Server thread/INFO]: Preparing start region for dimension minecraft:overworld
[09:34:49] [Server thread/INFO]: Time elapsed: 179 ms
[09:34:49] [Server thread/INFO]: Preparing start region for dimension minecraft:the_nether
[09:34:49] [Server thread/INFO]: Time elapsed: 21 ms
[09:34:49] [Server thread/INFO]: Preparing start region for dimension minecraft:the_end
[09:34:49] [Server thread/INFO]: Time elapsed: 18 ms
[09:34:49] [Server thread/INFO]: Running delayed init tasks
[09:34:49] [Server thread/INFO]: Done (3.918s)! For help, type "help"
[09:34:49] [Server thread/INFO]: Timings Reset
